openat(AT_FDCWD, "/etc/ld.so.cache", O_RDONLY|O_CLOEXEC) = 3
mmap(NULL, 77237, PROT_READ, MAP_PRIVATE, 3, 0) = 0x7f04e3103000
openat(AT_FDCWD, "/lib/x86_64-linux-gnu/librt.so.1", O_RDONLY|O_CLOEXEC) = 3
read(3, "\177ELF\2\1\1\0\0\0\0\0\0\0\0\0\3\0>\0\1\0\0\0 '\0\0\0\0\0\0"..., 832) = 832
mmap(NULL, 8192, PROT_READ|PROT_WRITE, MAP_PRIVATE|MAP_ANONYMOUS, -1, 0) = 0x7f04e3101000
mmap(NULL, 39904, PROT_READ, MAP_PRIVATE|MAP_DENYWRITE, 3, 0) = 0x7f04e30f7000
mmap(0x7f04e30f9000, 16384, PROT_READ|PROT_EXEC, MAP_PRIVATE|MAP_FIXED|MAP_DENYWRITE, 3, 0x2000) = 0x7f04e30f9000
mmap(0x7f04e30fd000, 8192, PROT_READ, MAP_PRIVATE|MAP_FIXED|MAP_DENYWRITE, 3, 0x6000) = 0x7f04e30fd000
mmap(0x7f04e30ff000, 8192, PROT_READ|PROT_WRITE, MAP_PRIVATE|MAP_FIXED|MAP_DENYWRITE, 3, 0x7000) = 0x7f04e30ff000
openat(AT_FDCWD, "/lib/x86_64-linux-gnu/libc.so.6", O_RDONLY|O_CLOEXEC) = 3
read(3, "\177ELF\2\1\1\3\0\0\0\0\0\0\0\0\3\0>\0\1\0\0\0\300A\2\0\0\0\0\0"..., 832) = 832
mmap(NULL, 2037344, PROT_READ, MAP_PRIVATE|MAP_DENYWRITE, 3, 0) = 0x7f04e2f05000
mmap(0x7f04e2f27000, 1540096, PROT_READ|PROT_EXEC, MAP_PRIVATE|MAP_FIXED|MAP_DENYWRITE, 3, 0x22000) = 0x7f04e2f27000
mmap(0x7f04e309f000, 319488, PROT_READ, MAP_PRIVATE|MAP_FIXED|MAP_DENYWRITE, 3, 0x19a000) = 0x7f04e309f000
mmap(0x7f04e30ed000, 24576, PROT_READ|PROT_WRITE, MAP_PRIVATE|MAP_FIXED|MAP_DENYWRITE, 3, 0x1e7000) = 0x7f04e30ed000
mmap(0x7f04e30f3000, 13920, PROT_READ|PROT_WRITE, MAP_PRIVATE|MAP_FIXED|MAP_ANONYMOUS, -1, 0) = 0x7f04e30f3000
openat(AT_FDCWD, "/lib/x86_64-linux-gnu/libpthread.so.0", O_RDONLY|O_CLOEXEC) = 3
read(3, "\177ELF\2\1\1\0\0\0\0\0\0\0\0\0\3\0>\0\1\0\0\0\220q\0\0\0\0\0\0"..., 832) = 832
mmap(NULL, 140408, PROT_READ, MAP_PRIVATE|MAP_DENYWRITE, 3, 0) = 0x7f04e2ee2000
mmap(0x7f04e2ee8000, 69632, PROT_READ|PROT_EXEC, MAP_PRIVATE|MAP_FIXED|MAP_DENYWRITE, 3, 0x6000) = 0x7f04e2ee8000
mmap(0x7f04e2ef9000, 24576, PROT_READ, MAP_PRIVATE|MAP_FIXED|MAP_DENYWRITE, 3, 0x17000) = 0x7f04e2ef9000
mmap(0x7f04e2eff000, 8192, PROT_READ|PROT_WRITE, MAP_PRIVATE|MAP_FIXED|MAP_DENYWRITE, 3, 0x1c000) = 0x7f04e2eff000
mmap(0x7f04e2f01000, 13432, PROT_READ|PROT_WRITE, MAP_PRIVATE|MAP_FIXED|MAP_ANONYMOUS, -1, 0) = 0x7f04e2f01000
mmap(NULL, 12288, PROT_READ|PROT_WRITE, MAP_PRIVATE|MAP_ANONYMOUS, -1, 0) = 0x7f04e2edf000
openat(AT_FDCWD, "REQ_PIPE_53425", O_RDONLY) = 3
openat(AT_FDCWD, "RESP_PIPE_53425", O_WRONLY) = 4
read(3, "\n", 1)                        = 1
read(3, "CREATE_SHM", 10)               = 10
read(3, "D\240!\0", 4)                  = 4
openat(AT_FDCWD, "/dev/shm/iDDlqnDZ", O_RDWR|O_CREAT|O_NOFOLLOW|O_CLOEXEC, 0664) = 5
mmap(NULL, 2203716, PROT_READ|PROT_WRITE, MAP_SHARED, 5, 0) = 0x7f04e2cc4000
read(3, "\10", 1)                       = 1
read(3, "MAP_FILE", 8)                  = 8
read(3, "\30", 1)                       = 1
read(3, "test_root/z2fW7GuW7x.fVm", 24) = 24
openat(AT_FDCWD, "test_root/z2fW7GuW7x.fVm", O_RDWR) = 6
mmap(NULL, 62179, PROT_READ|PROT_WRITE, MAP_SHARED, 6, 0) = 0x7f04e3106000
read(3, "\36", 1)                       = 1
read(3, "READ_FROM_LOGICAL_SPACE_OFFSET", 30) = 30
read(3, "\263\26\0\0", 4)               = 4
read(3, "4\0\0\0", 4)                   = 4
read(3, "\36", 1)                       = 1
read(3, "READ_FROM_LOGICAL_SPACE_OFFSET", 30) = 30
read(3, "\20?\0\0", 4)                  = 4
read(3, "\304\10\0\0", 4)               = 4
read(3, "\36", 1)                       = 1
read(3, "READ_FROM_LOGICAL_SPACE_OFFSET", 30) = 30
read(3, "\244\361\0\0", 4)              = 4
read(3, "\232\1\0\0", 4)                = 4
read(3, "\36", 1)                       = 1
read(3, "READ_FROM_LOGICAL_SPACE_OFFSET", 30) = 30
read(3, "eT\1\0", 4)                    = 4
read(3, "+\3\0\0", 4)                   = 4
read(3, "\4", 1)                        = 1
read(3, "EXIT", 4)                      = 4
+++ exited with 0 +++
